#
# There is insufficient memory for the Java Runtime Environment to continue.
# Native memory allocation (malloc) failed to allocate 2097152 bytes for AllocateHeap
# Possible reasons:
#   The system is out of physical RAM or swap space
#   The process is running with CompressedOops enabled, and the Java Heap may be blocking the growth of the native heap
# Possible solutions:
#   Reduce memory load on the system
#   Increase physical memory or swap space
#   Check if swap backing store is full
#   Decrease Java heap size (-Xmx/-Xms)
#   Decrease number of Java threads
#   Decrease Java thread stack sizes (-Xss)
#   Set larger code cache with -XX:ReservedCodeCacheSize=
#   JVM is running with Unscaled Compressed Oops mode in which the Java heap is
#     placed in the first 4GB address space. The Java Heap base address is the
#     maximum limit for the native heap growth. Please use -XX:HeapBaseMinAddress
#     to set the Java Heap base and to place the Java Heap above 4GB virtual address.
# This output file may be truncated or incomplete.
#
#  Out of Memory Error (allocation.cpp:44), pid=23004, tid=33368
#
# JRE version: OpenJDK Runtime Environment Temurin-17.0.10+7 (17.0.10+7) (build 17.0.10+7)
# Java VM: OpenJDK 64-Bit Server VM Temurin-17.0.10+7 (17.0.10+7, mixed mode, emulated-client, tiered, compressed oops, compressed class ptrs, g1 gc, windows-amd64)
# No core dump will be written. Minidumps are not enabled by default on client versions of Windows
#

---------------  S U M M A R Y ------------

Command Line: -XX:+HeapDumpOnOutOfMemoryError -Xmx1024m -Dsts.lsp.client=vscode -Dsts.log.file=/dev/null -XX:TieredStopAtLevel=1 -Xlog:jni+resolve=off -Dspring.config.location=file:c:\Users\mummi\.vscode\extensions\vmware.vscode-spring-boot-1.53.0\language-server\BOOT-INF\classes\application.properties -Xmx512M org.springframework.ide.vscode.boot.app.BootLanguageServerBootApp

Host: 11th Gen Intel(R) Core(TM) i5-1155G7 @ 2.50GHz, 8 cores, 7G,  Windows 11 , 64 bit Build 22621 (10.0.22621.3374)
Time: Fri Apr 19 10:06:17 2024 India Standard Time elapsed time: 45026.610818 seconds (0d 12h 30m 26s)

---------------  T H R E A D  ---------------

Current thread (0x00000143efb17b10):  VMThread "VM Thread" [stack: 0x0000000ef9300000,0x0000000ef9400000] [id=33368]

Stack: [0x0000000ef9300000,0x0000000ef9400000]
Native frames: (J=compiled Java code, j=interpreted, Vv=VM code, C=native code)
V  [jvm.dll+0x67d2c9]
V  [jvm.dll+0x834afa]
V  [jvm.dll+0x8365be]
V  [jvm.dll+0x836c23]
V  [jvm.dll+0x2477ff]
V  [jvm.dll+0xa6c93]
V  [jvm.dll+0x2f86f1]
V  [jvm.dll+0x2f42e0]
V  [jvm.dll+0x2dc8c7]
V  [jvm.dll+0x31fb87]
V  [jvm.dll+0x83b11b]
V  [jvm.dll+0x83be61]
V  [jvm.dll+0x83c37d]
V  [jvm.dll+0x83c754]
V  [jvm.dll+0x83c820]
V  [jvm.dll+0x7e3fba]
V  [jvm.dll+0x67c1b5]
C  [ucrtbase.dll+0x29333]
C  [KERNEL32.DLL+0x1257d]
C  [ntdll.dll+0x5aa48]

VM_Operation (0x0000000efa6febb0): G1CollectFull, mode: safepoint, requested by thread 0x00000143f4c66830


---------------  P R O C E S S  ---------------

Threads class SMR info:
_java_thread_list=0x00000143fdaaa4a0, length=27, elements={
0x00000143efb2c390, 0x00000143efb30e70, 0x00000143efb604d0, 0x00000143efb60fa0,
0x00000143efb63980, 0x00000143f400cca0, 0x00000143f400f580, 0x00000143efb63e60,
0x00000143f4223270, 0x00000143f422fe20, 0x00000143f5635050, 0x00000143f4c66830,
0x00000143f5760cb0, 0x00000143e409a7b0, 0x00000143f57627b0, 0x00000143f57b9d50,
0x00000143f57b91d0, 0x00000143f57b7d90, 0x00000143f57b82a0, 0x00000143f57b87b0,
0x00000143f57ee4a0, 0x00000143f57ec130, 0x00000143f57ef3d0, 0x00000143f57f0300,
0x00000143f57ef8e0, 0x00000143f57e9dc0, 0x00000143f57edf90
}

Java Threads: ( => current thread )
  0x00000143efb2c390 JavaThread "Reference Handler" daemon [_thread_blocked, id=27744, stack(0x0000000ef9400000,0x0000000ef9500000)]
  0x00000143efb30e70 JavaThread "Finalizer" daemon [_thread_blocked, id=21808, stack(0x0000000ef9500000,0x0000000ef9600000)]
  0x00000143efb604d0 JavaThread "Signal Dispatcher" daemon [_thread_blocked, id=23780, stack(0x0000000ef9700000,0x0000000ef9800000)]
  0x00000143efb60fa0 JavaThread "Attach Listener" daemon [_thread_blocked, id=24596, stack(0x0000000ef9800000,0x0000000ef9900000)]
  0x00000143efb63980 JavaThread "Service Thread" daemon [_thread_blocked, id=32040, stack(0x0000000ef9900000,0x0000000ef9a00000)]
  0x00000143f400cca0 JavaThread "Monitor Deflation Thread" daemon [_thread_blocked, id=33164, stack(0x0000000ef9a00000,0x0000000ef9b00000)]
  0x00000143f400f580 JavaThread "C1 CompilerThread0" daemon [_thread_blocked, id=22128, stack(0x0000000ef9b00000,0x0000000ef9c00000)]
  0x00000143efb63e60 JavaThread "Sweeper thread" daemon [_thread_blocked, id=30928, stack(0x0000000ef9c00000,0x0000000ef9d00000)]
  0x00000143f4223270 JavaThread "Notification Thread" daemon [_thread_blocked, id=25004, stack(0x0000000ef9e00000,0x0000000ef9f00000)]
  0x00000143f422fe20 JavaThread "Common-Cleaner" daemon [_thread_blocked, id=26788, stack(0x0000000efa000000,0x0000000efa100000)]
  0x00000143f5635050 JavaThread "boundedElastic-evictor-1" daemon [_thread_blocked, id=25884, stack(0x0000000ef9d00000,0x0000000ef9e00000)]
  0x00000143f4c66830 JavaThread "pool-13-thread-1" [_thread_blocked, id=25088, stack(0x0000000efa600000,0x0000000efa700000)]
  0x00000143f5760cb0 JavaThread "LanguageServerApp-lifecycle" [_thread_blocked, id=26456, stack(0x0000000efa700000,0x0000000efa800000)]
  0x00000143e409a7b0 JavaThread "DestroyJavaVM" [_thread_blocked, id=26516, stack(0x0000000ef8d00000,0x0000000ef8e00000)]
  0x00000143f57627b0 JavaThread "pool-14-thread-1" [_thread_in_native, id=29644, stack(0x0000000efab00000,0x0000000efac00000)]
  0x00000143f57b9d50 JavaThread "Simple-Language-Server main thread" daemon [_thread_blocked, id=26428, stack(0x0000000efac00000,0x0000000efad00000)]
  0x00000143f57b91d0 JavaThread "pool-8-thread-1" [_thread_blocked, id=33656, stack(0x0000000efb100000,0x0000000efb200000)]
  0x00000143f57b7d90 JavaThread "parallel-1" daemon [_thread_blocked, id=32348, stack(0x0000000efb200000,0x0000000efb300000)]
  0x00000143f57b82a0 JavaThread "parallel-2" daemon [_thread_blocked, id=12312, stack(0x0000000efb300000,0x0000000efb400000)]
  0x00000143f57b87b0 JavaThread "pool-6-thread-1" [_thread_blocked, id=30848, stack(0x0000000efb400000,0x0000000efb500000)]
  0x00000143f57ee4a0 JavaThread "parallel-3" daemon [_thread_blocked, id=2192, stack(0x0000000efb500000,0x0000000efb600000)]
  0x00000143f57ec130 JavaThread "parallel-4" daemon [_thread_blocked, id=35156, stack(0x0000000efb600000,0x0000000efb700000)]
  0x00000143f57ef3d0 JavaThread "parallel-5" daemon [_thread_blocked, id=29508, stack(0x0000000efb700000,0x0000000efb800000)]
  0x00000143f57f0300 JavaThread "parallel-6" daemon [_thread_blocked, id=22476, stack(0x0000000efbf00000,0x0000000efc000000)]
  0x00000143f57ef8e0 JavaThread "parallel-7" daemon [_thread_blocked, id=32596, stack(0x0000000efc000000,0x0000000efc100000)]
  0x00000143f57e9dc0 JavaThread "parallel-8" daemon [_thread_blocked, id=22872, stack(0x0000000efc100000,0x0000000efc200000)]
  0x00000143f57edf90 JavaThread "Reconciler-1" daemon [_thread_blocked, id=22500, stack(0x0000000efc200000,0x0000000efc300000)]

Other Threads:
=>0x00000143efb17b10 VMThread "VM Thread" [stack: 0x0000000ef9300000,0x0000000ef9400000] [id=33368]
  0x00000143f4223750 WatcherThread [stack: 0x0000000ef9f00000,0x0000000efa000000] [id=36428]
  0x00000143e40c9430 GCTaskThread "GC Thread#0" [stack: 0x0000000ef8e00000,0x0000000ef8f00000] [id=26364]
  0x00000143f4ca74d0 GCTaskThread "GC Thread#1" [stack: 0x0000000efa100000,0x0000000efa200000] [id=26904]
  0x00000143f4cc3010 GCTaskThread "GC Thread#2" [stack: 0x0000000efa200000,0x0000000efa300000] [id=32356]
  0x00000143f4cdf250 GCTaskThread "GC Thread#3" [stack: 0x0000000efa300000,0x0000000efa400000] [id=20716]
  0x00000143f4ec6790 GCTaskThread "GC Thread#4" [stack: 0x0000000efa400000,0x0000000efa500000] [id=18304]
  0x00000143f4ec6e60 GCTaskThread "GC Thread#5" [stack: 0x0000000efa500000,0x0000000efa600000] [id=34452]
  0x00000143f5171a30 GCTaskThread "GC Thread#6" [stack: 0x0000000efa800000,0x0000000efa900000] [id=9168]
  0x00000143f51d9100 GCTaskThread "GC Thread#7" [stack: 0x0000000efa900000,0x0000000efaa00000] [id=25056]
  0x00000143e40ce290 ConcurrentGCThread "G1 Main Marker" [stack: 0x0000000ef8f00000,0x0000000ef9000000] [id=764]
  0x00000143e40cebc0 ConcurrentGCThread "G1 Conc#0" [stack: 0x0000000ef9000000,0x0000000ef9100000] [id=30248]
  0x00000143f516bf80 ConcurrentGCThread "G1 Conc#1" [stack: 0x0000000efaa00000,0x0000000efab00000] [id=15700]
  0x00000143e4137420 ConcurrentGCThread "G1 Refine#0" [stack: 0x0000000ef9100000,0x0000000ef9200000] [id=33640]
  0x00000143e4137d60 ConcurrentGCThread "G1 Service" [stack: 0x0000000ef9200000,0x0000000ef9300000] [id=30084]

Threads with active compile tasks:

VM state: at safepoint (normal execution)

VM Mutex/Monitor currently owned by a thread:  ([mutex/lock_event])
[0x00000143e3f85f80] Threads_lock - owner thread: 0x00000143efb17b10
[0x00000143e3f810d0] Heap_lock - owner thread: 0x00000143f4c66830

Heap address: 0x00000000e0000000, size: 512 MB, Compressed Oops mode: 32-bit

CDS archive(s) not mapped
Compressed class space mapped at: 0x0000000100000000-0x0000000140000000, reserved size: 1073741824
Narrow klass base: 0x0000000000000000, Narrow klass shift: 3, Narrow klass range: 0x140000000

GC Precious Log:
 CPUs: 8 total, 8 available
 Memory: 7941M
 Large Page Support: Disabled
 NUMA Support: Disabled
 Compressed Oops: Enabled (32-bit)
 Heap Region Size: 1M
 Heap Min Capacity: 8M
 Heap Initial Capacity: 126M
 Heap Max Capacity: 512M
 Pre-touch: Disabled
 Parallel Workers: 8
 Concurrent Workers: 2
 Concurrent Refinement Workers: 8
 Periodic GC: Disabled

Heap:
 garbage-first heap   total 106496K, used 39641K [0x00000000e0000000, 0x0000000100000000)
  region size 1024K, 1 young (1024K), 0 survivors (0K)
 Metaspace       used 59301K, committed 59712K, reserved 1114112K
  class space    used 7404K, committed 7616K, reserved 1048576K

Heap Regions: E=young(eden), S=young(survivor), O=old, HS=humongous(starts), HC=humongous(continues), CS=collection set, F=free, OA=open archive, CA=closed archive, TAMS=top-at-mark-start (previous, next)
|   0|0x00000000e0000000, 0x00000000e0100000, 0x00000000e0100000|100%|HS|  |TAMS 0x00000000e0100000, 0x00000000e0000000| Untracked 
|   1|0x00000000e0100000, 0x00000000e0200000, 0x00000000e0200000|100%|HC|  |TAMS 0x00000000e0200000, 0x00000000e0100000| Untracked 
|   2|0x00000000e0200000, 0x00000000e0300000, 0x00000000e0300000|100%|HC|  |TAMS 0x00000000e0300000, 0x00000000e0200000| Untracked 
|   3|0x00000000e0300000, 0x00000000e0400000, 0x00000000e0400000|100%|HC|  |TAMS 0x00000000e0400000, 0x00000000e0300000| Untracked 
|   4|0x00000000e0400000, 0x00000000e0500000, 0x00000000e0500000|100%|HS|  |TAMS 0x00000000e0500000, 0x00000000e0400000| Untracked 
|   5|0x00000000e0500000, 0x00000000e0600000, 0x00000000e0600000|100%|HC|  |TAMS 0x00000000e0600000, 0x00000000e0500000| Untracked 
|   6|0x00000000e0600000, 0x00000000e0700000, 0x00000000e0700000|100%| O|  |TAMS 0x00000000e0700000, 0x00000000e0600000| Untracked 
|   7|0x00000000e0700000, 0x00000000e07fffe8, 0x00000000e0800000| 99%| O|  |TAMS 0x00000000e07fffe8, 0x00000000e0700000| Untracked 
|   8|0x00000000e0800000, 0x00000000e0900000, 0x00000000e0900000|100%| O|  |TAMS 0x00000000e0900000, 0x00000000e0800000| Untracked 
|   9|0x00000000e0900000, 0x00000000e0a00000, 0x00000000e0a00000|100%| O|  |TAMS 0x00000000e0a00000, 0x00000000e0900000| Untracked 
|  10|0x00000000e0a00000, 0x00000000e0b00000, 0x00000000e0b00000|100%| O|  |TAMS 0x00000000e0b00000, 0x00000000e0a00000| Untracked 
|  11|0x00000000e0b00000, 0x00000000e0bfffc0, 0x00000000e0c00000| 99%| O|  |TAMS 0x00000000e0bfffc0, 0x00000000e0b00000| Untracked 
|  12|0x00000000e0c00000, 0x00000000e0d00000, 0x00000000e0d00000|100%| O|  |TAMS 0x00000000e0d00000, 0x00000000e0c00000| Untracked 
|  13|0x00000000e0d00000, 0x00000000e0dfff30, 0x00000000e0e00000| 99%| O|  |TAMS 0x00000000e0dfff30, 0x00000000e0d00000| Untracked 
|  14|0x00000000e0e00000, 0x00000000e0f00000, 0x00000000e0f00000|100%| O|  |TAMS 0x00000000e0f00000, 0x00000000e0e00000| Untracked 
|  15|0x00000000e0f00000, 0x00000000e0fffff0, 0x00000000e1000000| 99%| O|  |TAMS 0x00000000e0fffff0, 0x00000000e0f00000| Untracked 
|  16|0x00000000e1000000, 0x00000000e10fffd0, 0x00000000e1100000| 99%| O|  |TAMS 0x00000000e10fffd0, 0x00000000e1000000| Untracked 
|  17|0x00000000e1100000, 0x00000000e11ffff8, 0x00000000e1200000| 99%| O|  |TAMS 0x00000000e11ffff8, 0x00000000e1100000| Untracked 
|  18|0x00000000e1200000, 0x00000000e12fffe8, 0x00000000e1300000| 99%| O|  |TAMS 0x00000000e12fffe8, 0x00000000e1200000| Untracked 
|  19|0x00000000e1300000, 0x00000000e13ffff0, 0x00000000e1400000| 99%| O|  |TAMS 0x00000000e13ffff0, 0x00000000e1300000| Untracked 
|  20|0x00000000e1400000, 0x00000000e14ffff0, 0x00000000e1500000| 99%| O|  |TAMS 0x00000000e14ffff0, 0x00000000e1400000| Untracked 
|  21|0x00000000e1500000, 0x00000000e15fffa8, 0x00000000e1600000| 99%| O|  |TAMS 0x00000000e15fffa8, 0x00000000e1500000| Untracked 
|  22|0x00000000e1600000, 0x00000000e16ffff0, 0x00000000e1700000| 99%| O|  |TAMS 0x00000000e16ffff0, 0x00000000e1600000| Untracked 
|  23|0x00000000e1700000, 0x00000000e17ffff8, 0x00000000e1800000| 99%| O|  |TAMS 0x00000000e17ffff8, 0x00000000e1700000| Untracked 
|  24|0x00000000e1800000, 0x00000000e18fffe0, 0x00000000e1900000| 99%| O|  |TAMS 0x00000000e18fffe0, 0x00000000e1800000| Untracked 
|  25|0x00000000e1900000, 0x00000000e19fdb18, 0x00000000e1a00000| 99%| O|  |TAMS 0x00000000e19fdb18, 0x00000000e1900000| Untracked 
|  26|0x00000000e1a00000, 0x00000000e1afffd8, 0x00000000e1b00000| 99%| O|  |TAMS 0x00000000e1afffd8, 0x00000000e1a00000| Untracked 
|  27|0x00000000e1b00000, 0x00000000e1c00000, 0x00000000e1c00000|100%| O|  |TAMS 0x00000000e1c00000, 0x00000000e1b00000| Untracked 
|  28|0x00000000e1c00000, 0x00000000e1cfffd8, 0x00000000e1d00000| 99%| O|  |TAMS 0x00000000e1cfffd8, 0x00000000e1c00000| Untracked 
|  29|0x00000000e1d00000, 0x00000000e1e00000, 0x00000000e1e00000|100%|HS|  |TAMS 0x00000000e1e00000, 0x00000000e1d00000| Untracked 
|  30|0x00000000e1e00000, 0x00000000e1efffc0, 0x00000000e1f00000| 99%| O|  |TAMS 0x00000000e1efffc0, 0x00000000e1e00000| Untracked 
|  31|0x00000000e1f00000, 0x00000000e1fffff8, 0x00000000e2000000| 99%| O|  |TAMS 0x00000000e1fffff8, 0x00000000e1f00000| Untracked 
|  32|0x00000000e2000000, 0x00000000e2100000, 0x00000000e2100000|100%|HS|  |TAMS 0x00000000e2100000, 0x00000000e2000000| Untracked 
|  33|0x00000000e2100000, 0x00000000e21ffee0, 0x00000000e2200000| 99%| O|  |TAMS 0x00000000e21ffee0, 0x00000000e2100000| Untracked 
|  34|0x00000000e2200000, 0x00000000e22fffe8, 0x00000000e2300000| 99%| O|  |TAMS 0x00000000e22fffe8, 0x00000000e2200000| Untracked 
|  35|0x00000000e2300000, 0x00000000e23fffe8, 0x00000000e2400000| 99%| O|  |TAMS 0x00000000e23fffe8, 0x00000000e2300000| Untracked 
|  36|0x00000000e2400000, 0x00000000e24b9038, 0x00000000e2500000| 72%| O|  |TAMS 0x00000000e2400000, 0x00000000e2400000| Untracked 
|  37|0x00000000e2500000, 0x00000000e2500000, 0x00000000e2600000|  0%| F|  |TAMS 0x00000000e2500000, 0x00000000e2500000| Untracked 
|  38|0x00000000e2600000, 0x00000000e2600000, 0x00000000e2700000|  0%| F|  |TAMS 0x00000000e2600000, 0x00000000e2600000| Untracked 
|  39|0x00000000e2700000, 0x00000000e2700000, 0x00000000e2800000|  0%| F|  |TAMS 0x00000000e2700000, 0x00000000e2700000| Untracked 
|  40|0x00000000e2800000, 0x00000000e2800000, 0x00000000e2900000|  0%| F|  |TAMS 0x00000000e2800000, 0x00000000e2800000| Untracked 
|  41|0x00000000e2900000, 0x00000000e2900000, 0x00000000e2a00000|  0%| F|  |TAMS 0x00000000e2900000, 0x00000000e2900000| Untracked 
|  42|0x00000000e2a00000, 0x00000000e2a00000, 0x00000000e2b00000|  0%| F|  |TAMS 0x00000000e2a00000, 0x00000000e2a00000| Untracked 
|  43|0x00000000e2b00000, 0x00000000e2b00000, 0x00000000e2c00000|  0%| F|  |TAMS 0x00000000e2b00000, 0x00000000e2b00000| Untracked 
|  44|0x00000000e2c00000, 0x00000000e2c00000, 0x00000000e2d00000|  0%| F|  |TAMS 0x00000000e2c00000, 0x00000000e2c00000| Untracked 
|  45|0x00000000e2d00000, 0x00000000e2d00000, 0x00000000e2e00000|  0%| F|  |TAMS 0x00000000e2d00000, 0x00000000e2d00000| Untracked 
|  46|0x00000000e2e00000, 0x00000000e2e00000, 0x00000000e2f00000|  0%| F|  |TAMS 0x00000000e2e00000, 0x00000000e2e00000| Untracked 
|  47|0x00000000e2f00000, 0x00000000e2f00000, 0x00000000e3000000|  0%| F|  |TAMS 0x00000000e2f00000, 0x00000000e2f00000| Untracked 
|  48|0x00000000e3000000, 0x00000000e3000000, 0x00000000e3100000|  0%| F|  |TAMS 0x00000000e3000000, 0x00000000e3000000| Untracked 
|  49|0x00000000e3100000, 0x00000000e3100000, 0x00000000e3200000|  0%| F|  |TAMS 0x00000000e3100000, 0x00000000e3100000| Untracked 
|  50|0x00000000e3200000, 0x00000000e3200000, 0x00000000e3300000|  0%| F|  |TAMS 0x00000000e3200000, 0x00000000e3200000| Untracked 
|  51|0x00000000e3300000, 0x00000000e3300000, 0x00000000e3400000|  0%| F|  |TAMS 0x00000000e3300000, 0x00000000e3300000| Untracked 
|  52|0x00000000e3400000, 0x00000000e3400000, 0x00000000e3500000|  0%| F|  |TAMS 0x00000000e3400000, 0x00000000e3400000| Untracked 
|  53|0x00000000e3500000, 0x00000000e3500000, 0x00000000e3600000|  0%| F|  |TAMS 0x00000000e3500000, 0x00000000e3500000| Untracked 
|  54|0x00000000e3600000, 0x00000000e3600000, 0x00000000e3700000|  0%| F|  |TAMS 0x00000000e3600000, 0x00000000e3600000| Untracked 
|  55|0x00000000e3700000, 0x00000000e3700000, 0x00000000e3800000|  0%| F|  |TAMS 0x00000000e3700000, 0x00000000e3700000| Untracked 
|  56|0x00000000e3800000, 0x00000000e3800000, 0x00000000e3900000|  0%| F|  |TAMS 0x00000000e3800000, 0x00000000e3800000| Untracked 
|  57|0x00000000e3900000, 0x00000000e3a00000, 0x00000000e3a00000|100%| O|  |TAMS 0x00000000e3a00000, 0x00000000e3900000| Untracked 
|  58|0x00000000e3a00000, 0x00000000e3b00000, 0x00000000e3b00000|100%| O|  |TAMS 0x00000000e3b00000, 0x00000000e3a00000| Untracked 
|  59|0x00000000e3b00000, 0x00000000e3b00000, 0x00000000e3c00000|  0%| F|  |TAMS 0x00000000e3b00000, 0x00000000e3b00000| Untracked 
|  60|0x00000000e3c00000, 0x00000000e3c00000, 0x00000000e3d00000|  0%| F|  |TAMS 0x00000000e3c00000, 0x00000000e3c00000| Untracked 
|  61|0x00000000e3d00000, 0x00000000e3d00000, 0x00000000e3e00000|  0%| F|  |TAMS 0x00000000e3d00000, 0x00000000e3d00000| Untracked 
|  62|0x00000000e3e00000, 0x00000000e3e00000, 0x00000000e3f00000|  0%| F|  |TAMS 0x00000000e3e00000, 0x00000000e3e00000| Untracked 
|  63|0x00000000e3f00000, 0x00000000e3f00000, 0x00000000e4000000|  0%| F|  |TAMS 0x00000000e3f00000, 0x00000000e3f00000| Untracked 
|  64|0x00000000e4000000, 0x00000000e4000000, 0x00000000e4100000|  0%| F|  |TAMS 0x00000000e4000000, 0x00000000e4000000| Untracked 
|  65|0x00000000e4100000, 0x00000000e4100000, 0x00000000e4200000|  0%| F|  |TAMS 0x00000000e4100000, 0x00000000e4100000| Untracked 
|  66|0x00000000e4200000, 0x00000000e4200000, 0x00000000e4300000|  0%| F|  |TAMS 0x00000000e4200000, 0x00000000e4200000| Untracked 
|  67|0x00000000e4300000, 0x00000000e4300000, 0x00000000e4400000|  0%| F|  |TAMS 0x00000000e4300000, 0x00000000e4300000| Untracked 
|  68|0x00000000e4400000, 0x00000000e4400000, 0x00000000e4500000|  0%| F|  |TAMS 0x00000000e4400000, 0x00000000e4400000| Untracked 
|  69|0x00000000e4500000, 0x00000000e4500000, 0x00000000e4600000|  0%| F|  |TAMS 0x00000000e4500000, 0x00000000e4500000| Untracked 
|  70|0x00000000e4600000, 0x00000000e4600000, 0x00000000e4700000|  0%| F|  |TAMS 0x00000000e4600000, 0x00000000e4600000| Untracked 
|  71|0x00000000e4700000, 0x00000000e4700000, 0x00000000e4800000|  0%| F|  |TAMS 0x00000000e4700000, 0x00000000e4700000| Untracked 
|  72|0x00000000e4800000, 0x00000000e4800000, 0x00000000e4900000|  0%| F|  |TAMS 0x00000000e4800000, 0x00000000e4800000| Untracked 
|  73|0x00000000e4900000, 0x00000000e4900000, 0x00000000e4a00000|  0%| F|  |TAMS 0x00000000e4900000, 0x00000000e4900000| Untracked 
|  74|0x00000000e4a00000, 0x00000000e4a00000, 0x00000000e4b00000|  0%| F|  |TAMS 0x00000000e4a00000, 0x00000000e4a00000| Untracked 
|  75|0x00000000e4b00000, 0x00000000e4b00000, 0x00000000e4c00000|  0%| F|  |TAMS 0x00000000e4b00000, 0x00000000e4b00000| Untracked 
|  76|0x00000000e4c00000, 0x00000000e4c00000, 0x00000000e4d00000|  0%| F|  |TAMS 0x00000000e4c00000, 0x00000000e4c00000| Untracked 
|  77|0x00000000e4d00000, 0x00000000e4d00000, 0x00000000e4e00000|  0%| F|  |TAMS 0x00000000e4d00000, 0x00000000e4d00000| Untracked 
|  78|0x00000000e4e00000, 0x00000000e4e00000, 0x00000000e4f00000|  0%| F|  |TAMS 0x00000000e4e00000, 0x00000000e4e00000| Untracked 
|  79|0x00000000e4f00000, 0x00000000e4f00000, 0x00000000e5000000|  0%| F|  |TAMS 0x00000000e4f00000, 0x00000000e4f00000| Untracked 
|  80|0x00000000e5000000, 0x00000000e5000000, 0x00000000e5100000|  0%| F|  |TAMS 0x00000000e5000000, 0x00000000e5000000| Untracked 
|  81|0x00000000e5100000, 0x00000000e5100000, 0x00000000e5200000|  0%| F|  |TAMS 0x00000000e5100000, 0x00000000e5100000| Untracked 
|  82|0x00000000e5200000, 0x00000000e5200000, 0x00000000e5300000|  0%| F|  |TAMS 0x00000000e5200000, 0x00000000e5200000| Untracked 
|  83|0x00000000e5300000, 0x00000000e5300000, 0x00000000e5400000|  0%| F|  |TAMS 0x00000000e5300000, 0x00000000e5300000| Untracked 
|  84|0x00000000e5400000, 0x00000000e5400000, 0x00000000e5500000|  0%| F|  |TAMS 0x00000000e5400000, 0x00000000e5400000| Untracked 
|  85|0x00000000e5500000, 0x00000000e5500000, 0x00000000e5600000|  0%| F|  |TAMS 0x00000000e5500000, 0x00000000e5500000| Untracked 
|  86|0x00000000e5600000, 0x00000000e5600000, 0x00000000e5700000|  0%| F|  |TAMS 0x00000000e5600000, 0x00000000e5600000| Untracked 
|  87|0x00000000e5700000, 0x00000000e5700000, 0x00000000e5800000|  0%| F|  |TAMS 0x00000000e5700000, 0x00000000e5700000| Untracked 
|  88|0x00000000e5800000, 0x00000000e5800000, 0x00000000e5900000|  0%| F|  |TAMS 0x00000000e5800000, 0x00000000e5800000| Untracked 
|  89|0x00000000e5900000, 0x00000000e5900000, 0x00000000e5a00000|  0%| F|  |TAMS 0x00000000e5900000, 0x00000000e5900000| Untracked 
|  90|0x00000000e5a00000, 0x00000000e5a00000, 0x00000000e5b00000|  0%| F|  |TAMS 0x00000000e5a00000, 0x00000000e5a00000| Untracked 
|  91|0x00000000e5b00000, 0x00000000e5b00000, 0x00000000e5c00000|  0%| F|  |TAMS 0x00000000e5b00000, 0x00000000e5b00000| Untracked 
|  92|0x00000000e5c00000, 0x00000000e5c00000, 0x00000000e5d00000|  0%| F|  |TAMS 0x00000000e5c00000, 0x00000000e5c00000| Untracked 
|  93|0x00000000e5d00000, 0x00000000e5d00000, 0x00000000e5e00000|  0%| F|  |TAMS 0x00000000e5d00000, 0x00000000e5d00000| Untracked 
|  94|0x00000000e5e00000, 0x00000000e5e00000, 0x00000000e5f00000|  0%| F|  |TAMS 0x00000000e5e00000, 0x00000000e5e00000| Untracked 
|  95|0x00000000e5f00000, 0x00000000e5f00000, 0x00000000e6000000|  0%| F|  |TAMS 0x00000000e5f00000, 0x00000000e5f00000| Untracked 
|  96|0x00000000e6000000, 0x00000000e6000000, 0x00000000e6100000|  0%| F|  |TAMS 0x00000000e6000000, 0x00000000e6000000| Untracked 
|  97|0x00000000e6100000, 0x00000000e6100000, 0x00000000e6200000|  0%| F|  |TAMS 0x00000000e6100000, 0x00000000e6100000| Untracked 
|  98|0x00000000e6200000, 0x00000000e6200000, 0x00000000e6300000|  0%| F|  |TAMS 0x00000000e6200000, 0x00000000e6200000| Untracked 
|  99|0x00000000e6300000, 0x00000000e6300000, 0x00000000e6400000|  0%| F|  |TAMS 0x00000000e6300000, 0x00000000e6300000| Untracked 
| 100|0x00000000e6400000, 0x00000000e6400000, 0x00000000e6500000|  0%| F|  |TAMS 0x00000000e6400000, 0x00000000e6400000| Untracked 
| 101|0x00000000e6500000, 0x00000000e6500000, 0x00000000e6600000|  0%| F|  |TAMS 0x00000000e6500000, 0x00000000e6500000| Untracked 
| 102|0x00000000e6600000, 0x00000000e6600000, 0x00000000e6700000|  0%| F|  |TAMS 0x00000000e6600000, 0x00000000e6600000| Untracked 
| 103|0x00000000e6700000, 0x00000000e67058a8, 0x00000000e6800000|  2%| E|  |TAMS 0x00000000e6700000, 0x00000000e6700000| Complete 

Card table byte_map: [0x00000143ebeb0000,0x00000143ebfb0000] _byte_map_base: 0x00000143eb7b0000

Marking Bits (Prev, Next): (CMBitMap*) 0x00000143e40c99a0, (CMBitMap*) 0x00000143e40c9960
 Prev Bits: [0x00000143ec8b0000, 0x00000143ed0b0000)
 Next Bits: [0x00000143ec0b0000, 0x00000143ec8b0000)

Polling page: 0x00000143e3f20000

Metaspace:

Usage:
  Non-class:     50.68 MB used.
      Class:      7.23 MB used.
       Both:     57.91 MB used.

Virtual space:
  Non-class space:       64.00 MB reserved,      50.88 MB ( 79%) committed,  1 nodes.
      Class space:        1.00 GB reserved,       7.44 MB ( <1%) committed,  1 nodes.
             Both:        1.06 GB reserved,      58.31 MB (  5%) committed. 

Chunk freelists:
   Non-Class:  12.65 MB
       Class:  8.41 MB
        Both:  21.06 MB

MaxMetaspaceSize: unlimited
CompressedClassSpaceSize: 1.00 GB
Initial GC threshold: 21.00 MB
Current GC threshold: 97.12 MB
CDS: off
MetaspaceReclaimPolicy: balanced
 - commit_granule_bytes: 65536.
 - commit_granule_words: 8192.
 - virtual_space_node_default_size: 8388608.
 - enlarge_chunks_in_place: 1.
 - new_chunks_are_fully_committed: 0.
 - uncommit_free_chunks: 1.
 - use_allocation_guard: 0.
 - handle_deallocations: 1.


Internal statistics:

num_allocs_failed_limit: 6.
num_arena_births: 802.
num_arena_deaths: 318.
num_vsnodes_births: 2.
num_vsnodes_deaths: 0.
num_space_committed: 933.
num_space_uncommitted: 0.
num_chunks_returned_to_freelist: 394.
num_chunks_taken_from_freelist: 2789.
num_chunk_merges: 108.
num_chunk_splits: 1795.
num_chunks_enlarged: 1349.
num_inconsistent_stats: 0.

CodeCache: size=49152Kb used=15105Kb max_used=15820Kb free=34046Kb
 bounds [0x00000143e8530000, 0x00000143e94e0000, 0x00000143eb530000]
 total_blobs=8785 nmethods=8108 adapters=600
 compilation: enabled
              stopped_count=0, restarted_count=0
 full_count=0

Compilation events (20 events):
Event: 41294.129 Thread 0x00000143f400f580 8109       1       java.lang.ProcessBuilder::environment (147 bytes)
Event: 41294.168 Thread 0x00000143f400f580 nmethod 8109 0x00000143e94a5890 code [0x00000143e94a5ae0, 0x00000143e94a6028]
Event: 41294.168 Thread 0x00000143f400f580 8110   !   1       java.lang.ProcessImpl::start (733 bytes)
Event: 41294.198 Thread 0x00000143f400f580 nmethod 8110 0x00000143e94a0090 code [0x00000143e94a0660, 0x00000143e94a35b8]
Event: 41295.088 Thread 0x00000143f400f580 8117   !   1       java.io.FilterOutputStream::close (183 bytes)
Event: 41295.146 Thread 0x00000143f400f580 nmethod 8117 0x00000143e949f310 code [0x00000143e949f520, 0x00000143e949f9f8]
Event: 41295.147 Thread 0x00000143f400f580 8119       1       java.lang.ProcessImpl$$Lambda$1136/0x00000001006ffd40::run (8 bytes)
Event: 41295.148 Thread 0x00000143f400f580 nmethod 8119 0x00000143e949ec10 code [0x00000143e949eda0, 0x00000143e949ee88]
Event: 41295.148 Thread 0x00000143f400f580 8120       1       java.lang.ProcessImpl::lambda$new$0 (6 bytes)
Event: 41295.148 Thread 0x00000143f400f580 nmethod 8120 0x00000143e949e910 code [0x00000143e949eaa0, 0x00000143e949eb68]
Event: 42624.065 Thread 0x00000143f400f580 8122   !   1       java.lang.ProcessImpl::<init> (327 bytes)
Event: 42624.158 Thread 0x00000143f400f580 nmethod 8122 0x00000143e949b990 code [0x00000143e949bde0, 0x00000143e949d198]
Event: 43923.254 Thread 0x00000143f400f580 8134   !   1       java.util.concurrent.ThreadPoolExecutor::runWorker (187 bytes)
Event: 43923.295 Thread 0x00000143f400f580 nmethod 8134 0x00000143e949ac10 code [0x00000143e949ae40, 0x00000143e949b498]
Event: 43949.240 Thread 0x00000143f400f580 8135       1       java.lang.ProcessImpl$2::run (242 bytes)
Event: 43949.259 Thread 0x00000143f400f580 nmethod 8135 0x00000143e9499590 code [0x00000143e9499840, 0x00000143e949a5d8]
Event: 43949.259 Thread 0x00000143f400f580 8136       1       java.io.BufferedOutputStream::<init> (9 bytes)
Event: 43949.260 Thread 0x00000143f400f580 nmethod 8136 0x00000143e9499010 code [0x00000143e94991a0, 0x00000143e9499478]
Event: 43949.260 Thread 0x00000143f400f580 8137       1       java.lang.ProcessImpl::waitFor (136 bytes)
Event: 43949.262 Thread 0x00000143f400f580 nmethod 8137 0x00000143e9498790 code [0x00000143e94989a0, 0x00000143e9498db8]

GC Heap History (20 events):
Event: 44923.687 GC heap before
{Heap before GC invocations=668 (full 605):
 garbage-first heap   total 106496K, used 39641K [0x00000000e0000000, 0x0000000100000000)
  region size 1024K, 1 young (1024K), 0 survivors (0K)
 Metaspace       used 59301K, committed 59712K, reserved 1114112K
  class space    used 7404K, committed 7616K, reserved 1048576K
}
Event: 44923.720 GC heap after
{Heap after GC invocations=669 (full 606):
 garbage-first heap   total 106496K, used 39641K [0x00000000e0000000, 0x0000000100000000)
  region size 1024K, 0 young (0K), 0 survivors (0K)
 Metaspace       used 59301K, committed 59712K, reserved 1114112K
  class space    used 7404K, committed 7616K, reserved 1048576K
}
Event: 44933.968 GC heap before
{Heap before GC invocations=669 (full 606):
 garbage-first heap   total 106496K, used 39641K [0x00000000e0000000, 0x0000000100000000)
  region size 1024K, 1 young (1024K), 0 survivors (0K)
 Metaspace       used 59301K, committed 59712K, reserved 1114112K
  class space    used 7404K, committed 7616K, reserved 1048576K
}
Event: 44934.000 GC heap after
{Heap after GC invocations=670 (full 607):
 garbage-first heap   total 106496K, used 39641K [0x00000000e0000000, 0x0000000100000000)
  region size 1024K, 0 young (0K), 0 survivors (0K)
 Metaspace       used 59301K, committed 59712K, reserved 1114112K
  class space    used 7404K, committed 7616K, reserved 1048576K
}
Event: 44944.262 GC heap before
{Heap before GC invocations=670 (full 607):
 garbage-first heap   total 106496K, used 39641K [0x00000000e0000000, 0x0000000100000000)
  region size 1024K, 1 young (1024K), 0 survivors (0K)
 Metaspace       used 59301K, committed 59712K, reserved 1114112K
  class space    used 7404K, committed 7616K, reserved 1048576K
}
Event: 44944.293 GC heap after
{Heap after GC invocations=671 (full 608):
 garbage-first heap   total 106496K, used 39641K [0x00000000e0000000, 0x0000000100000000)
  region size 1024K, 0 young (0K), 0 survivors (0K)
 Metaspace       used 59301K, committed 59712K, reserved 1114112K
  class space    used 7404K, committed 7616K, reserved 1048576K
}
Event: 44954.538 GC heap before
{Heap before GC invocations=671 (full 608):
 garbage-first heap   total 106496K, used 39641K [0x00000000e0000000, 0x0000000100000000)
  region size 1024K, 1 young (1024K), 0 survivors (0K)
 Metaspace       used 59301K, committed 59712K, reserved 1114112K
  class space    used 7404K, committed 7616K, reserved 1048576K
}
Event: 44954.566 GC heap after
{Heap after GC invocations=672 (full 609):
 garbage-first heap   total 106496K, used 39641K [0x00000000e0000000, 0x0000000100000000)
  region size 1024K, 0 young (0K), 0 survivors (0K)
 Metaspace       used 59301K, committed 59712K, reserved 1114112K
  class space    used 7404K, committed 7616K, reserved 1048576K
}
Event: 44964.805 GC heap before
{Heap before GC invocations=672 (full 609):
 garbage-first heap   total 106496K, used 39641K [0x00000000e0000000, 0x0000000100000000)
  region size 1024K, 1 young (1024K), 0 survivors (0K)
 Metaspace       used 59301K, committed 59712K, reserved 1114112K
  class space    used 7404K, committed 7616K, reserved 1048576K
}
Event: 44964.838 GC heap after
{Heap after GC invocations=673 (full 610):
 garbage-first heap   total 106496K, used 39641K [0x00000000e0000000, 0x0000000100000000)
  region size 1024K, 0 young (0K), 0 survivors (0K)
 Metaspace       used 59301K, committed 59712K, reserved 1114112K
  class space    used 7404K, committed 7616K, reserved 1048576K
}
Event: 44975.165 GC heap before
{Heap before GC invocations=673 (full 610):
 garbage-first heap   total 106496K, used 39641K [0x00000000e0000000, 0x0000000100000000)
  region size 1024K, 1 young (1024K), 0 survivors (0K)
 Metaspace       used 59301K, committed 59712K, reserved 1114112K
  class space    used 7404K, committed 7616K, reserved 1048576K
}
Event: 44975.203 GC heap after
{Heap after GC invocations=674 (full 611):
 garbage-first heap   total 106496K, used 39641K [0x00000000e0000000, 0x0000000100000000)
  region size 1024K, 0 young (0K), 0 survivors (0K)
 Metaspace       used 59301K, committed 59712K, reserved 1114112K
  class space    used 7404K, committed 7616K, reserved 1048576K
}
Event: 44985.472 GC heap before
{Heap before GC invocations=674 (full 611):
 garbage-first heap   total 106496K, used 39641K [0x00000000e0000000, 0x0000000100000000)
  region size 1024K, 1 young (1024K), 0 survivors (0K)
 Metaspace       used 59301K, committed 59712K, reserved 1114112K
  class space    used 7404K, committed 7616K, reserved 1048576K
}
Event: 44985.573 GC heap after
{Heap after GC invocations=675 (full 612):
 garbage-first heap   total 106496K, used 39641K [0x00000000e0000000, 0x0000000100000000)
  region size 1024K, 0 young (0K), 0 survivors (0K)
 Metaspace       used 59301K, committed 59712K, reserved 1114112K
  class space    used 7404K, committed 7616K, reserved 1048576K
}
Event: 44995.856 GC heap before
{Heap before GC invocations=675 (full 612):
 garbage-first heap   total 106496K, used 39641K [0x00000000e0000000, 0x0000000100000000)
  region size 1024K, 1 young (1024K), 0 survivors (0K)
 Metaspace       used 59301K, committed 59712K, reserved 1114112K
  class space    used 7404K, committed 7616K, reserved 1048576K
}
Event: 44995.892 GC heap after
{Heap after GC invocations=676 (full 613):
 garbage-first heap   total 106496K, used 39641K [0x00000000e0000000, 0x0000000100000000)
  region size 1024K, 0 young (0K), 0 survivors (0K)
 Metaspace       used 59301K, committed 59712K, reserved 1114112K
  class space    used 7404K, committed 7616K, reserved 1048576K
}
Event: 45006.149 GC heap before
{Heap before GC invocations=676 (full 613):
 garbage-first heap   total 106496K, used 39641K [0x00000000e0000000, 0x0000000100000000)
  region size 1024K, 1 young (1024K), 0 survivors (0K)
 Metaspace       used 59301K, committed 59712K, reserved 1114112K
  class space    used 7404K, committed 7616K, reserved 1048576K
}
Event: 45006.182 GC heap after
{Heap after GC invocations=677 (full 614):
 garbage-first heap   total 106496K, used 39641K [0x00000000e0000000, 0x0000000100000000)
  region size 1024K, 0 young (0K), 0 survivors (0K)
 Metaspace       used 59301K, committed 59712K, reserved 1114112K
  class space    used 7404K, committed 7616K, reserved 1048576K
}
Event: 45016.493 GC heap before
{Heap before GC invocations=677 (full 614):
 garbage-first heap   total 106496K, used 39641K [0x00000000e0000000, 0x0000000100000000)
  region size 1024K, 1 young (1024K), 0 survivors (0K)
 Metaspace       used 59301K, committed 59712K, reserved 1114112K
  class space    used 7404K, committed 7616K, reserved 1048576K
}
Event: 45016.546 GC heap after
{Heap after GC invocations=678 (full 615):
 garbage-first heap   total 106496K, used 39641K [0x00000000e0000000, 0x0000000100000000)
  region size 1024K, 0 young (0K), 0 survivors (0K)
 Metaspace       used 59301K, committed 59712K, reserved 1114112K
  class space    used 7404K, committed 7616K, reserved 1048576K
}

Dll operation events (10 events):
Event: 0.042 Loaded shared library c:\Users\mummi\.vscode\extensions\redhat.java-1.29.0-win32-x64\jre\17.0.10-win32-x86_64\bin\java.dll
Event: 1.801 Loaded shared library C:\Users\mummi\.vscode\extensions\redhat.java-1.29.0-win32-x64\jre\17.0.10-win32-x86_64\bin\net.dll
Event: 1.805 Loaded shared library C:\Users\mummi\.vscode\extensions\redhat.java-1.29.0-win32-x64\jre\17.0.10-win32-x86_64\bin\nio.dll
Event: 1.818 Loaded shared library C:\Users\mummi\.vscode\extensions\redhat.java-1.29.0-win32-x64\jre\17.0.10-win32-x86_64\bin\zip.dll
Event: 2.514 Loaded shared library C:\Users\mummi\.vscode\extensions\redhat.java-1.29.0-win32-x64\jre\17.0.10-win32-x86_64\bin\jimage.dll
Event: 5.060 Loaded shared library c:\Users\mummi\.vscode\extensions\redhat.java-1.29.0-win32-x64\jre\17.0.10-win32-x86_64\bin\verify.dll
Event: 13.589 Loaded shared library C:\Users\mummi\.vscode\extensions\redhat.java-1.29.0-win32-x64\jre\17.0.10-win32-x86_64\bin\management.dll
Event: 13.600 Loaded shared library C:\Users\mummi\.vscode\extensions\redhat.java-1.29.0-win32-x64\jre\17.0.10-win32-x86_64\bin\management_ext.dll
Event: 15.897 Loaded shared library C:\Users\mummi\.vscode\extensions\redhat.java-1.29.0-win32-x64\jre\17.0.10-win32-x86_64\bin\sunmscapi.dll
Event: 16.745 Loaded shared library C:\Users\mummi\.vscode\extensions\redhat.java-1.29.0-win32-x64\jre\17.0.10-win32-x86_64\bin\extnet.dll

Deoptimization events (20 events):
Event: 17.338 Thread 0x00000143f57f0d20 DEOPT PACKING pc=0x00000143e8c805a4 sp=0x0000000efbbfec30
Event: 17.338 Thread 0x00000143f57f0d20 DEOPT UNPACKING pc=0x00000143e858ace3 sp=0x0000000efbbfe118 mode 0
Event: 17.338 Thread 0x00000143f57f0d20 DEOPT PACKING pc=0x00000143e8c805a4 sp=0x0000000efbbff1c0
Event: 17.338 Thread 0x00000143f57f0d20 DEOPT UNPACKING pc=0x00000143e858ace3 sp=0x0000000efbbfe6a8 mode 0
Event: 17.620 Thread 0x00000143f57b87b0 DEOPT PACKING pc=0x00000143e8f78f0c sp=0x0000000efb4fe660
Event: 17.620 Thread 0x00000143f57b87b0 DEOPT UNPACKING pc=0x00000143e858ace3 sp=0x0000000efb4fdbc8 mode 0
Event: 17.620 Thread 0x00000143f57b87b0 DEOPT PACKING pc=0x00000143e8f7e04c sp=0x0000000efb4fe790
Event: 17.620 Thread 0x00000143f57b87b0 DEOPT UNPACKING pc=0x00000143e858ace3 sp=0x0000000efb4fdc70 mode 0
Event: 17.620 Thread 0x00000143f57b87b0 DEOPT PACKING pc=0x00000143e8f78f0c sp=0x0000000efb4fe8c0
Event: 17.620 Thread 0x00000143f57b87b0 DEOPT UNPACKING pc=0x00000143e858ace3 sp=0x0000000efb4fde28 mode 0
Event: 17.620 Thread 0x00000143f57b87b0 DEOPT PACKING pc=0x00000143e8f7e04c sp=0x0000000efb4fe9f0
Event: 17.620 Thread 0x00000143f57b87b0 DEOPT UNPACKING pc=0x00000143e858ace3 sp=0x0000000efb4fdee8 mode 0
Event: 17.624 Thread 0x00000143f57b87b0 DEOPT PACKING pc=0x00000143e8f78f0c sp=0x0000000efb4fed60
Event: 17.624 Thread 0x00000143f57b87b0 DEOPT UNPACKING pc=0x00000143e858ace3 sp=0x0000000efb4fe2c8 mode 0
Event: 17.624 Thread 0x00000143f57b87b0 DEOPT PACKING pc=0x00000143e8f7e04c sp=0x0000000efb4fee90
Event: 17.624 Thread 0x00000143f57b87b0 DEOPT UNPACKING pc=0x00000143e858ace3 sp=0x0000000efb4fe388 mode 0
Event: 144.636 Thread 0x00000143f57627b0 DEOPT PACKING pc=0x00000143e8b343d4 sp=0x0000000efabff0e0
Event: 144.637 Thread 0x00000143f57627b0 DEOPT UNPACKING pc=0x00000143e858ace3 sp=0x0000000efabfe568 mode 0
Event: 38870.187 Thread 0x00000143f57eda80 DEOPT PACKING pc=0x00000143e919b2ac sp=0x0000000ef8bfdcf0
Event: 38870.188 Thread 0x00000143f57eda80 DEOPT UNPACKING pc=0x00000143e858ace3 sp=0x0000000ef8bfd270 mode 0

Classes unloaded (20 events):
Event: 38665.715 Thread 0x00000143efb17b10 Unloading class 0x00000001003b4800 'java/lang/invoke/LambdaForm$MH+0x00000001003b4800'
Event: 38665.715 Thread 0x00000143efb17b10 Unloading class 0x00000001003b1800 'java/lang/invoke/LambdaForm$MH+0x00000001003b1800'
Event: 38665.715 Thread 0x00000143efb17b10 Unloading class 0x00000001003b0800 'java/lang/invoke/LambdaForm$MH+0x00000001003b0800'
Event: 38665.715 Thread 0x00000143efb17b10 Unloading class 0x00000001003a4c00 'java/lang/invoke/LambdaForm$MH+0x00000001003a4c00'
Event: 38665.716 Thread 0x00000143efb17b10 Unloading class 0x00000001003a5400 'java/lang/invoke/LambdaForm$MH+0x00000001003a5400'
Event: 38665.716 Thread 0x00000143efb17b10 Unloading class 0x0000000100408800 'java/lang/invoke/LambdaForm$MH+0x0000000100408800'
Event: 38665.716 Thread 0x00000143efb17b10 Unloading class 0x0000000100555800 'java/lang/invoke/LambdaForm$MH+0x0000000100555800'
Event: 38987.569 Thread 0x00000143efb17b10 Unloading class 0x000000010079b000 'java/lang/invoke/LambdaForm$MH+0x000000010079b000'
Event: 38987.570 Thread 0x00000143efb17b10 Unloading class 0x000000010079ac00 'java/lang/invoke/LambdaForm$MH+0x000000010079ac00'
Event: 38987.570 Thread 0x00000143efb17b10 Unloading class 0x000000010079a000 'java/lang/invoke/LambdaForm$MH+0x000000010079a000'
Event: 38987.570 Thread 0x00000143efb17b10 Unloading class 0x0000000100799c00 'java/lang/invoke/LambdaForm$MH+0x0000000100799c00'
Event: 38987.570 Thread 0x00000143efb17b10 Unloading class 0x0000000100799400 'java/lang/invoke/LambdaForm$MH+0x0000000100799400'
Event: 38987.570 Thread 0x00000143efb17b10 Unloading class 0x0000000100798800 'java/lang/invoke/LambdaForm$MH+0x0000000100798800'
Event: 38987.570 Thread 0x00000143efb17b10 Unloading class 0x0000000100798000 'java/lang/invoke/LambdaForm$MH+0x0000000100798000'
Event: 39016.362 Thread 0x00000143efb17b10 Unloading class 0x000000010079a800 'java/lang/invoke/LambdaForm$MH+0x000000010079a800'
Event: 39016.362 Thread 0x00000143efb17b10 Unloading class 0x000000010079a400 'java/lang/invoke/LambdaForm$MH+0x000000010079a400'
Event: 39016.363 Thread 0x00000143efb17b10 Unloading class 0x0000000100799800 'java/lang/invoke/LambdaForm$MH+0x0000000100799800'
Event: 39016.363 Thread 0x00000143efb17b10 Unloading class 0x0000000100799000 'java/lang/invoke/LambdaForm$MH+0x0000000100799000'
Event: 39016.363 Thread 0x00000143efb17b10 Unloading class 0x0000000100798c00 'java/lang/invoke/LambdaForm$MH+0x0000000100798c00'
Event: 39016.363 Thread 0x00000143efb17b10 Unloading class 0x0000000100798400 'java/lang/invoke/LambdaForm$MH+0x0000000100798400'

Classes redefined (0 events):
No events

Internal exceptions (20 events):
Event: 386.983 Thread 0x00000143f57b87b0 Exception <a 'sun/nio/fs/WindowsException'{0x00000000e4593188}> (0x00000000e4593188) 
thrown [s\src\hotspot\share\prims\jni.cpp, line 516]
Event: 386.983 Thread 0x00000143f57b87b0 Exception <a 'sun/nio/fs/WindowsException'{0x00000000e4593ee8}> (0x00000000e4593ee8) 
thrown [s\src\hotspot\share\prims\jni.cpp, line 516]
Event: 733.724 Thread 0x00000143f57b87b0 Exception <a 'sun/nio/fs/WindowsException'{0x00000000e5c3e118}> (0x00000000e5c3e118) 
thrown [s\src\hotspot\share\prims\jni.cpp, line 516]
Event: 733.724 Thread 0x00000143f57b87b0 Exception <a 'sun/nio/fs/WindowsException'{0x00000000e5c3ed30}> (0x00000000e5c3ed30) 
thrown [s\src\hotspot\share\prims\jni.cpp, line 516]
Event: 733.725 Thread 0x00000143f57b87b0 Exception <a 'sun/nio/fs/WindowsException'{0x00000000e5c3fa10}> (0x00000000e5c3fa10) 
thrown [s\src\hotspot\share\prims\jni.cpp, line 516]
Event: 733.725 Thread 0x00000143f57b87b0 Exception <a 'sun/nio/fs/WindowsException'{0x00000000e5c405d8}> (0x00000000e5c405d8) 
thrown [s\src\hotspot\share\prims\jni.cpp, line 516]
Event: 733.725 Thread 0x00000143f57b87b0 Exception <a 'sun/nio/fs/WindowsException'{0x00000000e5c411a0}> (0x00000000e5c411a0) 
thrown [s\src\hotspot\share\prims\jni.cpp, line 516]
Event: 733.725 Thread 0x00000143f57b87b0 Exception <a 'sun/nio/fs/WindowsException'{0x00000000e5c41f00}> (0x00000000e5c41f00) 
thrown [s\src\hotspot\share\prims\jni.cpp, line 516]
Event: 733.725 Thread 0x00000143f57b87b0 Exception <a 'sun/nio/fs/WindowsException'{0x00000000e5c436c8}> (0x00000000e5c436c8) 
thrown [s\src\hotspot\share\prims\jni.cpp, line 516]
Event: 733.725 Thread 0x00000143f57b87b0 Exception <a 'sun/nio/fs/WindowsException'{0x00000000e5c442e0}> (0x00000000e5c442e0) 
thrown [s\src\hotspot\share\prims\jni.cpp, line 516]
Event: 733.726 Thread 0x00000143f57b87b0 Exception <a 'sun/nio/fs/WindowsException'{0x00000000e5c44fc0}> (0x00000000e5c44fc0) 
thrown [s\src\hotspot\share\prims\jni.cpp, line 516]
Event: 733.726 Thread 0x00000143f57b87b0 Exception <a 'sun/nio/fs/WindowsException'{0x00000000e5c45b88}> (0x00000000e5c45b88) 
thrown [s\src\hotspot\share\prims\jni.cpp, line 516]
Event: 733.726 Thread 0x00000143f57b87b0 Exception <a 'sun/nio/fs/WindowsException'{0x00000000e5c46750}> (0x00000000e5c46750) 
thrown [s\src\hotspot\share\prims\jni.cpp, line 516]
Event: 733.726 Thread 0x00000143f57b87b0 Exception <a 'sun/nio/fs/WindowsException'{0x00000000e5c474b0}> (0x00000000e5c474b0) 
thrown [s\src\hotspot\share\prims\jni.cpp, line 516]
Event: 38539.991 Thread 0x00000143f57f0810 Exception <a 'java/lang/NoSuchMethodError'{0x00000000e7330530}: 'java.lang.Object java.lang.invoke.DirectMethodHandle$Holder.newInvokeSpecial(java.lang.Object, java.lang.Object, int, java.lang.Object)'> (0x00000000e7330530) 
thrown [s\src\hotspot\share\interpreter\linkResolver.cpp, line 759]
Event: 38540.001 Thread 0x00000143f57f0810 Exception <a 'java/lang/NoSuchMethodError'{0x00000000e7333e50}: 'java.lang.Object java.lang.invoke.Invokers$Holder.linkToTargetMethod(java.lang.Object, int, java.lang.Object, java.lang.Object)'> (0x00000000e7333e50) 
thrown [s\src\hotspot\share\interpreter\linkResolver.cpp, line 759]
Event: 38876.967 Thread 0x00000143f57eda80 NullPointerException in IC check 0x00000143e8a69fa0
Event: 38876.967 Thread 0x00000143f57eda80 Exception <a 'java/lang/NullPointerException'{0x00000000e6020038}> (0x00000000e6020038) 
thrown [s\src\hotspot\share\runtime\sharedRuntime.cpp, line 631]
Event: 38877.002 Thread 0x00000143f57eda80 Exception <a 'java/lang/reflect/InvocationTargetException'{0x00000000e6026ab8}> (0x00000000e6026ab8) 
thrown [s\src\hotspot\share\runtime\reflection.cpp, line 1121]
Event: 38877.164 Thread 0x00000143f57eda80 Exception <a 'java/lang/reflect/InvocationTargetException'{0x00000000e6050f60}> (0x00000000e6050f60) 
thrown [s\src\hotspot\share\runtime\reflection.cpp, line 1121]

VM Operations (20 events):
Event: 44923.721 Executing VM operation: G1CollectFull done
Event: 44933.968 Executing VM operation: G1CollectFull
Event: 44934.000 Executing VM operation: G1CollectFull done
Event: 44944.262 Executing VM operation: G1CollectFull
Event: 44944.293 Executing VM operation: G1CollectFull done
Event: 44954.538 Executing VM operation: G1CollectFull
Event: 44954.566 Executing VM operation: G1CollectFull done
Event: 44964.805 Executing VM operation: G1CollectFull
Event: 44964.838 Executing VM operation: G1CollectFull done
Event: 44975.165 Executing VM operation: G1CollectFull
Event: 44975.203 Executing VM operation: G1CollectFull done
Event: 44985.472 Executing VM operation: G1CollectFull
Event: 44985.573 Executing VM operation: G1CollectFull done
Event: 44995.855 Executing VM operation: G1CollectFull
Event: 44995.892 Executing VM operation: G1CollectFull done
Event: 45006.148 Executing VM operation: G1CollectFull
Event: 45006.182 Executing VM operation: G1CollectFull done
Event: 45016.493 Executing VM operation: G1CollectFull
Event: 45016.547 Executing VM operation: G1CollectFull done
Event: 45026.603 Executing VM operation: G1CollectFull

Events (20 events):
Event: 39069.463 Thread 0x00000143f57ee9b0 Thread exited: 0x00000143f57ee9b0
Event: 39072.437 Thread 0x00000143f57ea7e0 Thread added: 0x00000143f57ea7e0
Event: 39072.466 Thread 0x00000143f57f0810 Thread added: 0x00000143f57f0810
Event: 39116.285 Thread 0x00000143f57ecb50 Thread added: 0x00000143f57ecb50
Event: 39176.297 Thread 0x00000143f57ea7e0 Thread exited: 0x00000143f57ea7e0
Event: 39176.326 Thread 0x00000143f57eb710 Thread exited: 0x00000143f57eb710
Event: 39176.356 Thread 0x00000143f57ecb50 Thread exited: 0x00000143f57ecb50
Event: 39178.676 Thread 0x00000143f57e98b0 Thread exited: 0x00000143f57e98b0
Event: 39180.322 Thread 0x00000143f57ec640 Thread exited: 0x00000143f57ec640
Event: 39180.322 Thread 0x00000143f57f0810 Thread exited: 0x00000143f57f0810
Event: 39189.834 Thread 0x00000143f57ed570 Thread added: 0x00000143f57ed570
Event: 39189.834 Thread 0x00000143f57ec640 Thread added: 0x00000143f57ec640
Event: 39189.850 Thread 0x00000143f57eda80 Thread added: 0x00000143f57eda80
Event: 39189.941 Thread 0x00000143f57ea2d0 Thread added: 0x00000143f57ea2d0
Event: 39249.977 Thread 0x00000143f57ec640 Thread exited: 0x00000143f57ec640
Event: 39253.077 Thread 0x00000143f57eda80 Thread exited: 0x00000143f57eda80
Event: 39255.932 Thread 0x00000143f57ea2d0 Thread exited: 0x00000143f57ea2d0
Event: 39255.933 Thread 0x00000143f57ed570 Thread exited: 0x00000143f57ed570
Event: 42624.161 Thread 0x00000143f5909a50 Thread added: 0x00000143f5909a50
Event: 42629.180 Thread 0x00000143f5909a50 Thread exited: 0x00000143f5909a50


Dynamic libraries:
0x00007ff775b30000 - 0x00007ff775b3e000 	c:\Users\mummi\.vscode\extensions\redhat.java-1.29.0-win32-x64\jre\17.0.10-win32-x86_64\bin\java.exe
0x00007ffd86210000 - 0x00007ffd86426000 	C:\WINDOWS\SYSTEM32\ntdll.dll
0x00007ffd84330000 - 0x00007ffd843f4000 	C:\WINDOWS\System32\KERNEL32.DLL
0x00007ffd83b60000 - 0x00007ffd83f07000 	C:\WINDOWS\System32\KERNELBASE.dll
0x00007ffd83660000 - 0x00007ffd83771000 	C:\WINDOWS\System32\ucrtbase.dll
0x00007ffd4bf00000 - 0x00007ffd4bf17000 	c:\Users\mummi\.vscode\extensions\redhat.java-1.29.0-win32-x64\jre\17.0.10-win32-x86_64\bin\jli.dll
0x00007ffd85080000 - 0x00007ffd8522e000 	C:\WINDOWS\System32\USER32.dll
0x00007ffd83800000 - 0x00007ffd83826000 	C:\WINDOWS\System32\win32u.dll
0x00007ffd84fa0000 - 0x00007ffd84fc9000 	C:\WINDOWS\System32\GDI32.dll
0x00007ffd83830000 - 0x00007ffd83949000 	C:\WINDOWS\System32\gdi32full.dll
0x00007ffd83950000 - 0x00007ffd839ea000 	C:\WINDOWS\System32\msvcp_win.dll
0x00007ffd5c3e0000 - 0x00007ffd5c3fb000 	c:\Users\mummi\.vscode\extensions\redhat.java-1.29.0-win32-x64\jre\17.0.10-win32-x86_64\bin\VCRUNTIME140.dll
0x00007ffd5ef90000 - 0x00007ffd5f223000 	C:\WINDOWS\WinSxS\amd64_microsoft.windows.common-controls_6595b64144ccf1df_6.0.22621.3235_none_270f74e173860f98\COMCTL32.dll
0x00007ffd860b0000 - 0x00007ffd86157000 	C:\WINDOWS\System32\msvcrt.dll
0x00007ffd85230000 - 0x00007ffd85261000 	C:\WINDOWS\System32\IMM32.DLL
0x00007ffd65560000 - 0x00007ffd6556c000 	c:\Users\mummi\.vscode\extensions\redhat.java-1.29.0-win32-x64\jre\17.0.10-win32-x86_64\bin\vcruntime140_1.dll
0x00007ffd28c10000 - 0x00007ffd28c9d000 	c:\Users\mummi\.vscode\extensions\redhat.java-1.29.0-win32-x64\jre\17.0.10-win32-x86_64\bin\msvcp140.dll
0x00007ffce7a20000 - 0x00007ffce8682000 	c:\Users\mummi\.vscode\extensions\redhat.java-1.29.0-win32-x64\jre\17.0.10-win32-x86_64\bin\server\jvm.dll
0x00007ffd84a90000 - 0x00007ffd84b42000 	C:\WINDOWS\System32\ADVAPI32.dll
0x00007ffd83f40000 - 0x00007ffd83fe8000 	C:\WINDOWS\System32\sechost.dll
0x00007ffd83f10000 - 0x00007ffd83f38000 	C:\WINDOWS\System32\bcrypt.dll
0x00007ffd84970000 - 0x00007ffd84a85000 	C:\WINDOWS\System32\RPCRT4.dll
0x00007ffd83400000 - 0x00007ffd8344d000 	C:\WINDOWS\SYSTEM32\POWRPROF.dll
0x00007ffd7ff10000 - 0x00007ffd7ff19000 	C:\WINDOWS\SYSTEM32\WSOCK32.dll
0x00007ffd84f20000 - 0x00007ffd84f91000 	C:\WINDOWS\System32\WS2_32.dll
0x00007ffd783b0000 - 0x00007ffd783e4000 	C:\WINDOWS\SYSTEM32\WINMM.dll
0x00007ffd7b290000 - 0x00007ffd7b29a000 	C:\WINDOWS\SYSTEM32\VERSION.dll
0x00007ffd833e0000 - 0x00007ffd833f3000 	C:\WINDOWS\SYSTEM32\UMPDC.dll
0x00007ffd82540000 - 0x00007ffd82558000 	C:\WINDOWS\SYSTEM32\kernel.appcore.dll
0x00007ffd59fc0000 - 0x00007ffd59fca000 	c:\Users\mummi\.vscode\extensions\redhat.java-1.29.0-win32-x64\jre\17.0.10-win32-x86_64\bin\jimage.dll
0x00007ffd80d50000 - 0x00007ffd80f83000 	C:\WINDOWS\SYSTEM32\DBGHELP.DLL
0x00007ffd84400000 - 0x00007ffd84788000 	C:\WINDOWS\System32\combase.dll
0x00007ffd83ff0000 - 0x00007ffd840c7000 	C:\WINDOWS\System32\OLEAUT32.dll
0x00007ffd770a0000 - 0x00007ffd770d2000 	C:\WINDOWS\SYSTEM32\dbgcore.DLL
0x00007ffd83780000 - 0x00007ffd837f9000 	C:\WINDOWS\System32\bcryptPrimitives.dll
0x00007ffd4a870000 - 0x00007ffd4a895000 	c:\Users\mummi\.vscode\extensions\redhat.java-1.29.0-win32-x64\jre\17.0.10-win32-x86_64\bin\java.dll
0x00007ffd4bee0000 - 0x00007ffd4bef8000 	c:\Users\mummi\.vscode\extensions\redhat.java-1.29.0-win32-x64\jre\17.0.10-win32-x86_64\bin\zip.dll
0x00007ffd85270000 - 0x00007ffd85acc000 	C:\WINDOWS\System32\SHELL32.dll
0x00007ffd81440000 - 0x00007ffd81d39000 	C:\WINDOWS\SYSTEM32\windows.storage.dll
0x00007ffd81300000 - 0x00007ffd8143e000 	C:\WINDOWS\SYSTEM32\wintypes.dll
0x00007ffd84c40000 - 0x00007ffd84d33000 	C:\WINDOWS\System32\SHCORE.dll
0x00007ffd84d40000 - 0x00007ffd84d9e000 	C:\WINDOWS\System32\shlwapi.dll
0x00007ffd83460000 - 0x00007ffd83481000 	C:\WINDOWS\SYSTEM32\profapi.dll
0x00007ffd4a580000 - 0x00007ffd4a599000 	C:\Users\mummi\.vscode\extensions\redhat.java-1.29.0-win32-x64\jre\17.0.10-win32-x86_64\bin\net.dll
0x00007ffd7d040000 - 0x00007ffd7d176000 	C:\WINDOWS\SYSTEM32\WINHTTP.dll
0x00007ffd829a0000 - 0x00007ffd82a09000 	C:\WINDOWS\system32\mswsock.dll
0x00007ffd46960000 - 0x00007ffd46976000 	C:\Users\mummi\.vscode\extensions\redhat.java-1.29.0-win32-x64\jre\17.0.10-win32-x86_64\bin\nio.dll
0x00007ffd54b60000 - 0x00007ffd54b70000 	c:\Users\mummi\.vscode\extensions\redhat.java-1.29.0-win32-x64\jre\17.0.10-win32-x86_64\bin\verify.dll
0x00007ffd82be0000 - 0x00007ffd82bfb000 	C:\WINDOWS\SYSTEM32\CRYPTSP.dll
0x00007ffd824a0000 - 0x00007ffd824d5000 	C:\WINDOWS\system32\rsaenh.dll
0x00007ffd82a70000 - 0x00007ffd82a98000 	C:\WINDOWS\SYSTEM32\USERENV.dll
0x00007ffd82c00000 - 0x00007ffd82c0c000 	C:\WINDOWS\SYSTEM32\CRYPTBASE.dll
0x00007ffd81fe0000 - 0x00007ffd8200d000 	C:\WINDOWS\SYSTEM32\IPHLPAPI.DLL
0x00007ffd84bd0000 - 0x00007ffd84bd9000 	C:\WINDOWS\System32\NSI.dll
0x00007ffd7c910000 - 0x00007ffd7c929000 	C:\WINDOWS\SYSTEM32\dhcpcsvc6.DLL
0x00007ffd7c860000 - 0x00007ffd7c87f000 	C:\WINDOWS\SYSTEM32\dhcpcsvc.DLL
0x00007ffd82010000 - 0x00007ffd82109000 	C:\WINDOWS\SYSTEM32\DNSAPI.dll
0x00007ffd5a510000 - 0x00007ffd5a519000 	C:\Users\mummi\.vscode\extensions\redhat.java-1.29.0-win32-x64\jre\17.0.10-win32-x86_64\bin\management.dll
0x00007ffd3d920000 - 0x00007ffd3d92b000 	C:\Users\mummi\.vscode\extensions\redhat.java-1.29.0-win32-x64\jre\17.0.10-win32-x86_64\bin\management_ext.dll
0x00007ffd84290000 - 0x00007ffd84298000 	C:\WINDOWS\System32\PSAPI.DLL
0x00007ffd3b710000 - 0x00007ffd3b71e000 	C:\Users\mummi\.vscode\extensions\redhat.java-1.29.0-win32-x64\jre\17.0.10-win32-x86_64\bin\sunmscapi.dll
0x00007ffd839f0000 - 0x00007ffd83b57000 	C:\WINDOWS\System32\CRYPT32.dll
0x00007ffd82e00000 - 0x00007ffd82e2e000 	C:\WINDOWS\SYSTEM32\ncrypt.dll
0x00007ffd82dc0000 - 0x00007ffd82df7000 	C:\WINDOWS\SYSTEM32\NTASN1.dll
0x00007ffd7c280000 - 0x00007ffd7c28a000 	C:\Windows\System32\rasadhlp.dll
0x00007ffd7ac70000 - 0x00007ffd7acf3000 	C:\WINDOWS\System32\fwpuclnt.dll
0x00007ffd3b3b0000 - 0x00007ffd3b3b9000 	C:\Users\mummi\.vscode\extensions\redhat.java-1.29.0-win32-x64\jre\17.0.10-win32-x86_64\bin\extnet.dll

dbghelp: loaded successfully - version: 4.0.5 - missing functions: none
symbol engine: initialized successfully - sym options: 0x614 - pdb path: .;c:\Users\mummi\.vscode\extensions\redhat.java-1.29.0-win32-x64\jre\17.0.10-win32-x86_64\bin;C:\WINDOWS\SYSTEM32;C:\WINDOWS\WinSxS\amd64_microsoft.windows.common-controls_6595b64144ccf1df_6.0.22621.3235_none_270f74e173860f98;c:\Users\mummi\.vscode\extensions\redhat.java-1.29.0-win32-x64\jre\17.0.10-win32-x86_64\bin\server

VM Arguments:
jvm_args: -XX:+HeapDumpOnOutOfMemoryError -Xmx1024m -Dsts.lsp.client=vscode -Dsts.log.file=/dev/null -XX:TieredStopAtLevel=1 -Xlog:jni+resolve=off -Dspring.config.location=file:c:\Users\mummi\.vscode\extensions\vmware.vscode-spring-boot-1.53.0\language-server\BOOT-INF\classes\application.properties -Xmx512M 
java_command: org.springframework.ide.vscode.boot.app.BootLanguageServerBootApp
java_class_path (initial): c:\Users\mummi\.vscode\extensions\vmware.vscode-spring-boot-1.53.0\language-server\BOOT-INF\classes;c:\Users\mummi\.vscode\extensions\vmware.vscode-spring-boot-1.53.0\language-server\BOOT-INF\lib\annotations-24.1.0.jar;c:\Users\mummi\.vscode\extensions\vmware.vscode-spring-boot-1.53.0\language-server\BOOT-INF\lib\antlr4-runtime-4.11.1.jar;c:\Users\mummi\.vscode\extensions\vmware.vscode-spring-boot-1.53.0\language-server\BOOT-INF\lib\asm-9.6.jar;c:\Users\mummi\.vscode\extensions\vmware.vscode-spring-boot-1.53.0\language-server\BOOT-INF\lib\asm-analysis-9.6.jar;c:\Users\mummi\.vscode\extensions\vmware.vscode-spring-boot-1.53.0\language-server\BOOT-INF\lib\asm-tree-9.6.jar;c:\Users\mummi\.vscode\extensions\vmware.vscode-spring-boot-1.53.0\language-server\BOOT-INF\lib\asm-util-9.6.jar;c:\Users\mummi\.vscode\extensions\vmware.vscode-spring-boot-1.53.0\language-server\BOOT-INF\lib\caffeine-3.1.8.jar;c:\Users\mummi\.vscode\extensions\vmware.vscode-spring-boot-1.53.0\language-server\BOOT-INF\lib\checker-qual-3.12.0.jar;c:\Users\mummi\.vscode\extensions\vmware.vscode-spring-boot-1.53.0\language-server\BOOT-INF\lib\classgraph-4.8.149.jar;c:\Users\mummi\.vscode\extensions\vmware.vscode-spring-boot-1.53.0\language-server\BOOT-INF\lib\commons-codec-1.16.1.jar;c:\Users\mummi\.vscode\extensions\vmware.vscode-spring-boot-1.53.0\language-server\BOOT-INF\lib\commons-compress-1.26.0.jar;c:\Users\mummi\.vscode\extensions\vmware.vscode-spring-boot-1.53.0\language-server\BOOT-INF\lib\commons-io-2.4.jar;c:\Users\mummi\.vscode\extensions\vmware.vscode-spring-boot-1.53.0\language-server\BOOT-INF\lib\commons-java-1.53.0-SNAPSHOT.jar;c:\Users\mummi\.vscode\extensions\vmware.vscode-spring-boot-1.53.0\language-server\BOOT-INF\lib\commons-lang3-3.13.0.jar;c:\Users\mummi\.vscode\extensions\vmware.vscode-spring-boot-1.53.0\language-server\BOOT-INF\lib\commons-language-server-1.53.0-SNAPSHOT.jar;c:\Users\mummi\.vscode\extensions\vmware.vscode-spring-boot-1.53.0\language
Launcher Type: SUN_STANDARD

[Global flags]
     intx CICompilerCount                          = 4                                         {product} {ergonomic}
     uint ConcGCThreads                            = 2                                         {product} {ergonomic}
     uint G1ConcRefinementThreads                  = 8                                         {product} {ergonomic}
   size_t G1HeapRegionSize                         = 1048576                                   {product} {ergonomic}
    uintx GCDrainStackTargetSize                   = 64                                        {product} {ergonomic}
     bool HeapDumpOnOutOfMemoryError               = true                                   {manageable} {command line}
   size_t InitialHeapSize                          = 132120576                                 {product} {ergonomic}
   size_t MarkStackSize                            = 4194304                                   {product} {ergonomic}
   size_t MaxHeapSize                              = 536870912                                 {product} {command line}
   size_t MaxNewSize                               = 321912832                                 {product} {ergonomic}
   size_t MinHeapDeltaBytes                        = 1048576                                   {product} {ergonomic}
   size_t MinHeapSize                              = 8388608                                   {product} {ergonomic}
    uintx NonProfiledCodeHeapSize                  = 0                                      {pd product} {ergonomic}
     bool ProfileInterpreter                       = false                                  {pd product} {command line}
    uintx ProfiledCodeHeapSize                     = 0                                      {pd product} {ergonomic}
   size_t SoftMaxHeapSize                          = 536870912                              {manageable} {ergonomic}
     intx TieredStopAtLevel                        = 1                                         {product} {command line}
     bool UseCompressedClassPointers               = true                           {product lp64_product} {ergonomic}
     bool UseCompressedOops                        = true                           {product lp64_product} {ergonomic}
     bool UseG1GC                                  = true                                      {product} {ergonomic}
     bool UseLargePagesIndividualAllocation        = false                                  {pd product} {ergonomic}

Logging:
Log output configuration:
 #0: stdout all=warning,jni+resolve=off uptime,level,tags
 #1: stderr all=off uptime,level,tags

Environment Variables:
JAVA_HOME=C:\Program Files\Java\jdk-17
_JAVA_OPTIONS=-Xmx512M
CLASSPATH=C:\mysql-connector-java-8.0.30.jar;.;
PATH=C:\Program Files (x86)\Falcon\MinGW\bin;C:\Program Files\Common Files\Oracle\Java\javapath;C:\WINDOWS\system32;C:\WINDOWS;C:\WINDOWS\System32\Wbem;C:\WINDOWS\System32\WindowsPowerShell\v1.0\;C:\WINDOWS\System32\OpenSSH\;C:\Program Files\nodejs\;C:\Users\mummi\Downloads\apache-maven-3.8.8-bin\apache-maven-3.8.8\bin;C:\Program Files\Java\jdk-17\bin;C:\Program Files\Git\cmd;C:\Program Files\Docker\Docker\resources\bin;C:\Users\mummi\AppData\Local\Programs\Python\Python311\Scripts\;C:\Users\mummi\AppData\Local\Programs\Python\Python311\;C:\Program Files\MySQL\MySQL Shell 8.0\bin\;C:\Users\mummi\AppData\Local\Microsoft\WindowsApps;C:\Program Files\JetBrains\IntelliJ IDEA Community Edition 2022.2.1\bin;;C:\Users\mummi\AppData\Local\Programs\Microsoft VS Code\bin;C:\Program Files\Java\jdk-18.0.2\lib;C:\Users\mummi\AppData\Roaming\npm
USERNAME=mummi
OS=Windows_NT
PROCESSOR_IDENTIFIER=Intel64 Family 6 Model 140 Stepping 2, GenuineIntel
TMP=C:\Users\mummi\AppData\Local\Temp
TEMP=C:\Users\mummi\AppData\Local\Temp



Periodic native trim disabled


---------------  S Y S T E M  ---------------

OS:
 Windows 11 , 64 bit Build 22621 (10.0.22621.3374)
OS uptime: 2 days 1:58 hours
Hyper-V role detected

CPU: total 8 (initial active 8) (4 cores per cpu, 2 threads per core) family 6 model 140 stepping 2 microcode 0x2c, cx8, cmov, fxsr, ht, mmx, 3dnowpref, sse, sse2, sse3, ssse3, sse4.1, sse4.2, popcnt, lzcnt, tsc, tscinvbit, avx, avx2, aes, erms, clmul, bmi1, bmi2, adx, avx512f, avx512dq, avx512cd, avx512bw, avx512vl, sha, fma, vzeroupper, avx512_vpopcntdq, avx512_vpclmulqdq, avx512_vaes, avx512_vnni, clflush, clflushopt, clwb, avx512_vbmi2, avx512_vbmi, hv
Processor Information for processor 0
  Max Mhz: 2496, Current Mhz: 2496, Mhz Limit: 2496
Processor Information for processor 1
  Max Mhz: 2496, Current Mhz: 2496, Mhz Limit: 2496
Processor Information for processor 2
  Max Mhz: 2496, Current Mhz: 2496, Mhz Limit: 2496
Processor Information for processor 3
  Max Mhz: 2496, Current Mhz: 2496, Mhz Limit: 2496
Processor Information for processor 4
  Max Mhz: 2496, Current Mhz: 2496, Mhz Limit: 2496
Processor Information for processor 5
  Max Mhz: 2496, Current Mhz: 2496, Mhz Limit: 2496
Processor Information for processor 6
  Max Mhz: 2496, Current Mhz: 2496, Mhz Limit: 2496
Processor Information for processor 7
  Max Mhz: 2496, Current Mhz: 1198, Mhz Limit: 2496

Memory: 4k page, system-wide physical 7941M (623M free)
TotalPageFile size 30357M (AvailPageFile size 3M)
current process WorkingSet (physical memory assigned to process): 66M, peak: 230M
current process commit charge ("private bytes"): 278M, peak: 462M

vm_info: OpenJDK 64-Bit Server VM (17.0.10+7) for windows-amd64 JRE (17.0.10+7), built on Jan 16 2024 23:25:11 by "admin" with MS VC++ 16.10 / 16.11 (VS2019)

END.
